{"/home/firdosh/Personal Documents/React/Text_Utils-main/src/App.js": {"path":"/home/firdosh/Personal Documents/React/Text_Utils-main/src/App.js","statementMap":{"0":{"start":{"line":11,"column":25},"end":{"line":11,"column":42}},"1":{"start":{"line":12,"column":25},"end":{"line":12,"column":39}},"2":{"start":{"line":14,"column":18},"end":{"line":22,"column":3}},"3":{"start":{"line":15,"column":4},"end":{"line":18,"column":6}},"4":{"start":{"line":19,"column":4},"end":{"line":21,"column":11}},"5":{"start":{"line":20,"column":6},"end":{"line":20,"column":20}},"6":{"start":{"line":24,"column":20},"end":{"line":36,"column":3}},"7":{"start":{"line":25,"column":4},"end":{"line":35,"column":5}},"8":{"start":{"line":26,"column":6},"end":{"line":26,"column":23}},"9":{"start":{"line":27,"column":6},"end":{"line":27,"column":49}},"10":{"start":{"line":28,"column":6},"end":{"line":28,"column":38}},"11":{"start":{"line":29,"column":6},"end":{"line":29,"column":57}},"12":{"start":{"line":31,"column":6},"end":{"line":31,"column":22}},"13":{"start":{"line":32,"column":6},"end":{"line":32,"column":52}},"14":{"start":{"line":33,"column":6},"end":{"line":33,"column":37}},"15":{"start":{"line":34,"column":6},"end":{"line":34,"column":56}},"16":{"start":{"line":39,"column":2},"end":{"line":50,"column":4}}},"fnMap":{"0":{"name":"App","decl":{"start":{"line":10,"column":9},"end":{"line":10,"column":12}},"loc":{"start":{"line":10,"column":15},"end":{"line":51,"column":1}},"line":10},"1":{"name":"(anonymous_1)","decl":{"start":{"line":14,"column":18},"end":{"line":14,"column":19}},"loc":{"start":{"line":14,"column":34},"end":{"line":22,"column":3}},"line":14},"2":{"name":"(anonymous_2)","decl":{"start":{"line":19,"column":15},"end":{"line":19,"column":16}},"loc":{"start":{"line":19,"column":19},"end":{"line":21,"column":5}},"line":19},"3":{"name":"(anonymous_3)","decl":{"start":{"line":24,"column":20},"end":{"line":24,"column":21}},"loc":{"start":{"line":24,"column":24},"end":{"line":36,"column":3}},"line":24}},"branchMap":{"0":{"loc":{"start":{"line":25,"column":4},"end":{"line":35,"column":5}},"type":"if","locations":[{"start":{"line":25,"column":4},"end":{"line":35,"column":5}},{"start":{"line":30,"column":9},"end":{"line":35,"column":5}}],"line":25}},"s":{"0":0,"1":0,"2":0,"3":0,"4":0,"5":0,"6":0,"7":0,"8":0,"9":0,"10":0,"11":0,"12":0,"13":0,"14":0,"15":0,"16":0},"f":{"0":0,"1":0,"2":0,"3":0},"b":{"0":[0,0]}}
,"/home/firdosh/Personal Documents/React/Text_Utils-main/src/index.js": {"path":"/home/firdosh/Personal Documents/React/Text_Utils-main/src/index.js","statementMap":{"0":{"start":{"line":5,"column":13},"end":{"line":5,"column":65}},"1":{"start":{"line":6,"column":0},"end":{"line":10,"column":2}}},"fnMap":{},"branchMap":{},"s":{"0":0,"1":0},"f":{},"b":{}}
,"/home/firdosh/Personal Documents/React/Text_Utils-main/src/Components/About.js": {"path":"/home/firdosh/Personal Documents/React/Text_Utils-main/src/Components/About.js","statementMap":{"0":{"start":{"line":4,"column":15},"end":{"line":7,"column":3}},"1":{"start":{"line":9,"column":2},"end":{"line":101,"column":4}}},"fnMap":{"0":{"name":"About","decl":{"start":{"line":3,"column":9},"end":{"line":3,"column":14}},"loc":{"start":{"line":3,"column":22},"end":{"line":102,"column":1}},"line":3}},"branchMap":{"0":{"loc":{"start":{"line":5,"column":21},"end":{"line":5,"column":67}},"type":"cond-expr","locations":[{"start":{"line":5,"column":46},"end":{"line":5,"column":55}},{"start":{"line":5,"column":58},"end":{"line":5,"column":67}}],"line":5},"1":{"loc":{"start":{"line":6,"column":11},"end":{"line":6,"column":53}},"type":"cond-expr","locations":[{"start":{"line":6,"column":36},"end":{"line":6,"column":43}},{"start":{"line":6,"column":46},"end":{"line":6,"column":53}}],"line":6}},"s":{"0":0,"1":0},"f":{"0":0},"b":{"0":[0,0],"1":[0,0]}}
,"/home/firdosh/Personal Documents/React/Text_Utils-main/src/Components/Alert.js": {"path":"/home/firdosh/Personal Documents/React/Text_Utils-main/src/Components/Alert.js","statementMap":{"0":{"start":{"line":5,"column":13},"end":{"line":10,"column":3}},"1":{"start":{"line":14,"column":2},"end":{"line":22,"column":4}}},"fnMap":{"0":{"name":"Alert","decl":{"start":{"line":3,"column":9},"end":{"line":3,"column":14}},"loc":{"start":{"line":3,"column":22},"end":{"line":23,"column":1}},"line":3}},"branchMap":{"0":{"loc":{"start":{"line":6,"column":22},"end":{"line":6,"column":65}},"type":"cond-expr","locations":[{"start":{"line":6,"column":45},"end":{"line":6,"column":54}},{"start":{"line":6,"column":56},"end":{"line":6,"column":65}}],"line":6},"1":{"loc":{"start":{"line":7,"column":11},"end":{"line":7,"column":49}},"type":"cond-expr","locations":[{"start":{"line":7,"column":34},"end":{"line":7,"column":41}},{"start":{"line":7,"column":42},"end":{"line":7,"column":49}}],"line":7},"2":{"loc":{"start":{"line":16,"column":5},"end":{"line":20,"column":10}},"type":"binary-expr","locations":[{"start":{"line":16,"column":5},"end":{"line":16,"column":16}},{"start":{"line":16,"column":20},"end":{"line":20,"column":10}}],"line":16}},"s":{"0":0,"1":0},"f":{"0":0},"b":{"0":[0,0],"1":[0,0],"2":[0,0]}}
,"/home/firdosh/Personal Documents/React/Text_Utils-main/src/Components/Container.js": {"path":"/home/firdosh/Personal Documents/React/Text_Utils-main/src/Components/Container.js","statementMap":{"0":{"start":{"line":4,"column":26},"end":{"line":4,"column":38}},"1":{"start":{"line":6,"column":4},"end":{"line":6,"column":32}},"2":{"start":{"line":10,"column":18},"end":{"line":10,"column":36}},"3":{"start":{"line":11,"column":4},"end":{"line":11,"column":21}},"4":{"start":{"line":16,"column":18},"end":{"line":16,"column":36}},"5":{"start":{"line":17,"column":4},"end":{"line":17,"column":21}},"6":{"start":{"line":22,"column":18},"end":{"line":22,"column":22}},"7":{"start":{"line":23,"column":14},"end":{"line":23,"column":16}},"8":{"start":{"line":24,"column":4},"end":{"line":26,"column":5}},"9":{"start":{"line":24,"column":17},"end":{"line":24,"column":35}},"10":{"start":{"line":25,"column":6},"end":{"line":25,"column":24}},"11":{"start":{"line":27,"column":4},"end":{"line":27,"column":17}},"12":{"start":{"line":32,"column":18},"end":{"line":32,"column":33}},"13":{"start":{"line":33,"column":4},"end":{"line":36,"column":5}},"14":{"start":{"line":33,"column":17},"end":{"line":33,"column":18}},"15":{"start":{"line":34,"column":17},"end":{"line":34,"column":27}},"16":{"start":{"line":35,"column":6},"end":{"line":35,"column":64}},"17":{"start":{"line":37,"column":4},"end":{"line":37,"column":31}},"18":{"start":{"line":42,"column":18},"end":{"line":42,"column":33}},"19":{"start":{"line":43,"column":4},"end":{"line":54,"column":5}},"20":{"start":{"line":43,"column":17},"end":{"line":43,"column":18}},"21":{"start":{"line":44,"column":17},"end":{"line":44,"column":27}},"22":{"start":{"line":45,"column":20},"end":{"line":45,"column":22}},"23":{"start":{"line":46,"column":6},"end":{"line":52,"column":7}},"24":{"start":{"line":46,"column":19},"end":{"line":46,"column":20}},"25":{"start":{"line":47,"column":8},"end":{"line":51,"column":9}},"26":{"start":{"line":48,"column":10},"end":{"line":48,"column":50}},"27":{"start":{"line":50,"column":10},"end":{"line":50,"column":50}},"28":{"start":{"line":53,"column":6},"end":{"line":53,"column":27}},"29":{"start":{"line":56,"column":4},"end":{"line":56,"column":31}},"30":{"start":{"line":60,"column":16},"end":{"line":65,"column":3}},"31":{"start":{"line":61,"column":14},"end":{"line":61,"column":44}},"32":{"start":{"line":62,"column":4},"end":{"line":62,"column":20}},"33":{"start":{"line":63,"column":4},"end":{"line":63,"column":38}},"34":{"start":{"line":69,"column":17},"end":{"line":69,"column":33}},"35":{"start":{"line":70,"column":4},"end":{"line":70,"column":20}},"36":{"start":{"line":76,"column":15},"end":{"line":76,"column":33}},"37":{"start":{"line":77,"column":17},"end":{"line":77,"column":42}},"38":{"start":{"line":78,"column":4},"end":{"line":82,"column":5}},"39":{"start":{"line":78,"column":17},"end":{"line":78,"column":18}},"40":{"start":{"line":79,"column":14},"end":{"line":79,"column":31}},"41":{"start":{"line":80,"column":14},"end":{"line":80,"column":26}},"42":{"start":{"line":81,"column":6},"end":{"line":81,"column":42}},"43":{"start":{"line":83,"column":4},"end":{"line":83,"column":27}},"44":{"start":{"line":85,"column":18},"end":{"line":160,"column":3}},"45":{"start":{"line":164,"column":4},"end":{"line":164,"column":40}},"46":{"start":{"line":170,"column":4},"end":{"line":170,"column":16}},"47":{"start":{"line":190,"column":15},"end":{"line":193,"column":5}},"48":{"start":{"line":195,"column":4},"end":{"line":310,"column":4}},"49":{"start":{"line":217,"column":78},"end":{"line":217,"column":86}}},"fnMap":{"0":{"name":"Container","decl":{"start":{"line":3,"column":24},"end":{"line":3,"column":33}},"loc":{"start":{"line":3,"column":41},"end":{"line":311,"column":1}},"line":3},"1":{"name":"handleChange","decl":{"start":{"line":5,"column":11},"end":{"line":5,"column":23}},"loc":{"start":{"line":5,"column":31},"end":{"line":7,"column":3}},"line":5},"2":{"name":"handleUCClick","decl":{"start":{"line":9,"column":11},"end":{"line":9,"column":24}},"loc":{"start":{"line":9,"column":27},"end":{"line":13,"column":3}},"line":9},"3":{"name":"handleLCClick","decl":{"start":{"line":15,"column":11},"end":{"line":15,"column":24}},"loc":{"start":{"line":15,"column":27},"end":{"line":19,"column":3}},"line":15},"4":{"name":"handleRCClick","decl":{"start":{"line":21,"column":11},"end":{"line":21,"column":24}},"loc":{"start":{"line":21,"column":27},"end":{"line":29,"column":3}},"line":21},"5":{"name":"handleCCClick","decl":{"start":{"line":31,"column":11},"end":{"line":31,"column":24}},"loc":{"start":{"line":31,"column":27},"end":{"line":39,"column":3}},"line":31},"6":{"name":"handleACClick","decl":{"start":{"line":41,"column":11},"end":{"line":41,"column":24}},"loc":{"start":{"line":41,"column":27},"end":{"line":57,"column":3}},"line":41},"7":{"name":"(anonymous_7)","decl":{"start":{"line":60,"column":16},"end":{"line":60,"column":17}},"loc":{"start":{"line":60,"column":22},"end":{"line":65,"column":3}},"line":60},"8":{"name":"flip","decl":{"start":{"line":68,"column":11},"end":{"line":68,"column":15}},"loc":{"start":{"line":68,"column":18},"end":{"line":72,"column":3}},"line":68},"9":{"name":"flipString","decl":{"start":{"line":75,"column":11},"end":{"line":75,"column":21}},"loc":{"start":{"line":75,"column":31},"end":{"line":84,"column":3}},"line":75},"10":{"name":"handleCopy","decl":{"start":{"line":163,"column":11},"end":{"line":163,"column":21}},"loc":{"start":{"line":163,"column":24},"end":{"line":166,"column":3}},"line":163},"11":{"name":"clear","decl":{"start":{"line":169,"column":11},"end":{"line":169,"column":16}},"loc":{"start":{"line":169,"column":19},"end":{"line":172,"column":3}},"line":169},"12":{"name":"(anonymous_12)","decl":{"start":{"line":217,"column":73},"end":{"line":217,"column":74}},"loc":{"start":{"line":217,"column":78},"end":{"line":217,"column":86}},"line":217}},"branchMap":{"0":{"loc":{"start":{"line":47,"column":8},"end":{"line":51,"column":9}},"type":"if","locations":[{"start":{"line":47,"column":8},"end":{"line":51,"column":9}},{"start":{"line":49,"column":15},"end":{"line":51,"column":9}}],"line":47},"1":{"loc":{"start":{"line":81,"column":18},"end":{"line":81,"column":41}},"type":"cond-expr","locations":[{"start":{"line":81,"column":36},"end":{"line":81,"column":37}},{"start":{"line":81,"column":40},"end":{"line":81,"column":41}}],"line":81},"2":{"loc":{"start":{"line":191,"column":24},"end":{"line":191,"column":67}},"type":"cond-expr","locations":[{"start":{"line":191,"column":47},"end":{"line":191,"column":56}},{"start":{"line":191,"column":58},"end":{"line":191,"column":67}}],"line":191},"3":{"loc":{"start":{"line":192,"column":13},"end":{"line":192,"column":51}},"type":"cond-expr","locations":[{"start":{"line":192,"column":36},"end":{"line":192,"column":43}},{"start":{"line":192,"column":44},"end":{"line":192,"column":51}}],"line":192},"4":{"loc":{"start":{"line":210,"column":34},"end":{"line":210,"column":72}},"type":"cond-expr","locations":[{"start":{"line":210,"column":55},"end":{"line":210,"column":64}},{"start":{"line":210,"column":65},"end":{"line":210,"column":72}}],"line":210},"5":{"loc":{"start":{"line":211,"column":25},"end":{"line":211,"column":63}},"type":"cond-expr","locations":[{"start":{"line":211,"column":46},"end":{"line":211,"column":53}},{"start":{"line":211,"column":54},"end":{"line":211,"column":63}}],"line":211},"6":{"loc":{"start":{"line":212,"column":24},"end":{"line":212,"column":60}},"type":"cond-expr","locations":[{"start":{"line":212,"column":45},"end":{"line":212,"column":52}},{"start":{"line":212,"column":53},"end":{"line":212,"column":60}}],"line":212},"7":{"loc":{"start":{"line":215,"column":84},"end":{"line":215,"column":122}},"type":"cond-expr","locations":[{"start":{"line":215,"column":105},"end":{"line":215,"column":114}},{"start":{"line":215,"column":115},"end":{"line":215,"column":122}}],"line":215},"8":{"loc":{"start":{"line":215,"column":129},"end":{"line":215,"column":165}},"type":"cond-expr","locations":[{"start":{"line":215,"column":150},"end":{"line":215,"column":157}},{"start":{"line":215,"column":158},"end":{"line":215,"column":165}}],"line":215},"9":{"loc":{"start":{"line":216,"column":45},"end":{"line":216,"column":81}},"type":"cond-expr","locations":[{"start":{"line":216,"column":66},"end":{"line":216,"column":73}},{"start":{"line":216,"column":74},"end":{"line":216,"column":81}}],"line":216}},"s":{"0":10,"1":0,"2":1,"3":1,"4":1,"5":1,"6":1,"7":1,"8":1,"9":1,"10":0,"11":1,"12":1,"13":1,"14":1,"15":1,"16":1,"17":1,"18":1,"19":1,"20":1,"21":1,"22":1,"23":1,"24":1,"25":0,"26":0,"27":0,"28":1,"29":1,"30":10,"31":0,"32":0,"33":0,"34":1,"35":1,"36":1,"37":1,"38":1,"39":1,"40":0,"41":0,"42":0,"43":1,"44":10,"45":0,"46":1,"47":10,"48":10,"49":10},"f":{"0":10,"1":0,"2":1,"3":1,"4":1,"5":1,"6":1,"7":0,"8":1,"9":1,"10":0,"11":1,"12":10},"b":{"0":[0,0],"1":[0,0],"2":[0,10],"3":[0,10],"4":[0,10],"5":[0,10],"6":[0,10],"7":[0,10],"8":[0,10],"9":[0,10]},"_coverageSchema":"1a1c01bbd47fc00a2c39e90264f33305004495a9","hash":"ecd40af0df9443f5ce43fdf91cd6673e6ed1124b"}
,"/home/firdosh/Personal Documents/React/Text_Utils-main/src/Components/Navbar.js": {"path":"/home/firdosh/Personal Documents/React/Text_Utils-main/src/Components/Navbar.js","statementMap":{"0":{"start":{"line":6,"column":13},"end":{"line":9,"column":3}},"1":{"start":{"line":11,"column":2},"end":{"line":50,"column":4}},"2":{"start":{"line":53,"column":0},"end":{"line":55,"column":1}}},"fnMap":{"0":{"name":"Navbar","decl":{"start":{"line":4,"column":24},"end":{"line":4,"column":30}},"loc":{"start":{"line":4,"column":38},"end":{"line":51,"column":1}},"line":4}},"branchMap":{"0":{"loc":{"start":{"line":7,"column":10},"end":{"line":7,"column":46}},"type":"cond-expr","locations":[{"start":{"line":7,"column":31},"end":{"line":7,"column":38}},{"start":{"line":7,"column":39},"end":{"line":7,"column":46}}],"line":7},"1":{"loc":{"start":{"line":13,"column":105},"end":{"line":13,"column":145}},"type":"cond-expr","locations":[{"start":{"line":13,"column":126},"end":{"line":13,"column":135}},{"start":{"line":13,"column":136},"end":{"line":13,"column":145}}],"line":13}},"s":{"0":0,"1":0,"2":0},"f":{"0":0},"b":{"0":[0,0],"1":[0,0]}}
}
