TN:
SF:src/App.js
FN:10,App
FN:14,(anonymous_1)
FN:19,(anonymous_2)
FN:24,(anonymous_3)
FNF:4
FNH:0
FNDA:0,App
FNDA:0,(anonymous_1)
FNDA:0,(anonymous_2)
FNDA:0,(anonymous_3)
DA:11,0
DA:12,0
DA:14,0
DA:15,0
DA:19,0
DA:20,0
DA:24,0
DA:25,0
DA:26,0
DA:27,0
DA:28,0
DA:29,0
DA:31,0
DA:32,0
DA:33,0
DA:34,0
DA:39,0
LF:17
LH:0
BRDA:25,0,0,0
BRDA:25,0,1,0
BRF:2
BRH:0
end_of_record
TN:
SF:src/index.js
FNF:0
FNH:0
DA:5,0
DA:6,0
LF:2
LH:0
BRF:0
BRH:0
end_of_record
TN:
SF:src/Components/About.js
FN:3,About
FNF:1
FNH:0
FNDA:0,About
DA:4,0
DA:9,0
LF:2
LH:0
BRDA:5,0,0,0
BRDA:5,0,1,0
BRDA:6,1,0,0
BRDA:6,1,1,0
BRF:4
BRH:0
end_of_record
TN:
SF:src/Components/Alert.js
FN:3,Alert
FNF:1
FNH:0
FNDA:0,Alert
DA:5,0
DA:14,0
LF:2
LH:0
BRDA:6,0,0,0
BRDA:6,0,1,0
BRDA:7,1,0,0
BRDA:7,1,1,0
BRDA:16,2,0,0
BRDA:16,2,1,0
BRF:6
BRH:0
end_of_record
TN:
SF:src/Components/Container.js
FN:3,Container
FN:5,handleChange
FN:9,handleUCClick
FN:15,handleLCClick
FN:21,handleRCClick
FN:31,handleCCClick
FN:41,handleACClick
FN:60,(anonymous_7)
FN:68,flip
FN:75,flipString
FN:163,handleCopy
FN:169,clear
FN:217,(anonymous_12)
FNF:13
FNH:10
FNDA:10,Container
FNDA:0,handleChange
FNDA:1,handleUCClick
FNDA:1,handleLCClick
FNDA:1,handleRCClick
FNDA:1,handleCCClick
FNDA:1,handleACClick
FNDA:0,(anonymous_7)
FNDA:1,flip
FNDA:1,flipString
FNDA:0,handleCopy
FNDA:1,clear
FNDA:10,(anonymous_12)
DA:4,10
DA:6,0
DA:10,1
DA:11,1
DA:16,1
DA:17,1
DA:22,1
DA:23,1
DA:24,1
DA:25,0
DA:27,1
DA:32,1
DA:33,1
DA:34,1
DA:35,1
DA:37,1
DA:42,1
DA:43,1
DA:44,1
DA:45,1
DA:46,1
DA:47,0
DA:48,0
DA:50,0
DA:53,1
DA:56,1
DA:60,10
DA:61,0
DA:62,0
DA:63,0
DA:69,1
DA:70,1
DA:76,1
DA:77,1
DA:78,1
DA:79,0
DA:80,0
DA:81,0
DA:83,1
DA:85,10
DA:164,0
DA:170,1
DA:190,10
DA:195,10
DA:217,10
LF:45
LH:33
BRDA:47,0,0,0
BRDA:47,0,1,0
BRDA:81,1,0,0
BRDA:81,1,1,0
BRDA:191,2,0,0
BRDA:191,2,1,10
BRDA:192,3,0,0
BRDA:192,3,1,10
BRDA:210,4,0,0
BRDA:210,4,1,10
BRDA:211,5,0,0
BRDA:211,5,1,10
BRDA:212,6,0,0
BRDA:212,6,1,10
BRDA:215,7,0,0
BRDA:215,7,1,10
BRDA:215,8,0,0
BRDA:215,8,1,10
BRDA:216,9,0,0
BRDA:216,9,1,10
BRF:20
BRH:8
end_of_record
TN:
SF:src/Components/Navbar.js
FN:4,Navbar
FNF:1
FNH:0
FNDA:0,Navbar
DA:6,0
DA:11,0
DA:53,0
LF:3
LH:0
BRDA:7,0,0,0
BRDA:7,0,1,0
BRDA:13,1,0,0
BRDA:13,1,1,0
BRF:4
BRH:0
end_of_record
